[2018-09-19 11:46:13] | Текст ошибки:  | Файл E:\OSPanel\domains\wcms.loc\public\index.php | Строка 9
 ================= 
 [2018-09-19 11:46:13] | Текст ошибки:  | Файл E:\OSPanel\domains\wcms.loc\public\index.php | Строка 9
 ================= 
 [2018-09-19 11:46:46] | Текст ошибки: 404 | Файл E:\OSPanel\domains\wcms.loc\public\index.php | Строка 9
 ================= 
 [2018-09-19 11:46:47] | Текст ошибки: 404 | Файл E:\OSPanel\domains\wcms.loc\public\index.php | Строка 9
 ================= 
 [2018-09-19 11:47:00] | Текст ошибки: 404 | Файл E:\OSPanel\domains\wcms.loc\public\index.php | Строка 9
 ================= 
 [2018-09-19 11:47:01] | Текст ошибки: 404 | Файл E:\OSPanel\domains\wcms.loc\public\index.php | Строка 9
 ================= 
 [2018-09-19 11:47:08] | Текст ошибки: 404 | Файл E:\OSPanel\domains\wcms.loc\public\index.php | Строка 9
 ================= 
 [2018-09-19 11:47:08] | Текст ошибки: 404 | Файл E:\OSPanel\domains\wcms.loc\public\index.php | Строка 9
 ================= 
 [2018-09-19 11:58:50] | Текст ошибки: 404 | Файл E:\OSPanel\domains\wcms.loc\public\index.php | Строка 9
 ================= 
 [2018-09-19 11:58:50] | Текст ошибки: 404 | Файл E:\OSPanel\domains\wcms.loc\public\index.php | Строка 9
 ================= 
 [2018-09-19 11:59:47] | Текст ошибки: 404 | Файл E:\OSPanel\domains\wcms.loc\public\index.php | Строка 9
 ================= 
 [2018-09-19 11:59:47] | Текст ошибки: 404 | Файл E:\OSPanel\domains\wcms.loc\public\index.php | Строка 9
 ================= 
 [2018-09-19 12:00:02] | Текст ошибки: 404 | Файл E:\OSPanel\domains\wcms.loc\public\index.php | Строка 9
 ================= 
 [2018-09-19 12:00:02] | Текст ошибки: 404 | Файл E:\OSPanel\domains\wcms.loc\public\index.php | Строка 9
 ================= 
 [2018-09-19 14:18:27] | Текст ошибки: Class 'wcms\Exception' not found | Файл E:\OSPanel\domains\wcms.loc\vendor\wcms\core\Router.php | Строка 47
 ================= 
 [2018-09-19 14:18:51] | Текст ошибки: Страница не найдена | Файл E:\OSPanel\domains\wcms.loc\vendor\wcms\core\Router.php | Строка 47
 ================= 
 [2018-09-19 17:24:46] | Текст ошибки: Страница не найдена | Файл /opt/lampp/htdocs/wcms.loc/vendor/wcms/core/Router.php | Строка 59
 ================= 
 [2018-09-19 17:25:06] | Текст ошибки: Контроллер app\controllers\PageOneController не найден | Файл /opt/lampp/htdocs/wcms.loc/vendor/wcms/core/Router.php | Строка 56
 ================= 
 [2018-09-19 17:25:19] | Текст ошибки: Контроллер app\controllers\PageOneController не найден | Файл /opt/lampp/htdocs/wcms.loc/vendor/wcms/core/Router.php | Строка 56
 ================= 
 [2018-09-19 17:27:07] | Текст ошибки: Контроллер app\controllers\PageOneController не найден | Файл /opt/lampp/htdocs/wcms.loc/vendor/wcms/core/Router.php | Строка 56
 ================= 
 [2018-09-19 17:28:47] | Текст ошибки: Контроллер app\controllers\ViewController не найден | Файл /opt/lampp/htdocs/wcms.loc/vendor/wcms/core/Router.php | Строка 56
 ================= 
 [2018-09-19 17:29:01] | Текст ошибки: Контроллер app\controllers\PageController не найден | Файл /opt/lampp/htdocs/wcms.loc/vendor/wcms/core/Router.php | Строка 56
 ================= 
 [2018-09-19 17:29:16] | Текст ошибки: Метод app\controllers\MainController::viewAction не найден | Файл /opt/lampp/htdocs/wcms.loc/vendor/wcms/core/Router.php | Строка 53
 ================= 
 